\BOOKMARK [0][-]{chapter*.2}{\376\377\000I\000n\000t\000r\000o\000d\000u\000c\000t\000i\000o\000n}{}% 1
\BOOKMARK [0][-]{chapter.1}{\376\377\004\036\004\061\004\067\004\076\004\100\000\040\004\073\004\070\004\102\004\065\004\100\004\060\004\102\004\103\004\100\004\113}{}% 2
\BOOKMARK [1][-]{section.1.1}{\376\377\004\022\004\113\004\107\004\070\004\101\004\073\004\070\004\102\004\065\004\073\004\114\004\075\004\113\004\071\000\040\004\116\004\074\004\076\004\100\000\040\004\072\004\060\004\072\000\040\004\070\004\101\004\101\004\073\004\065\004\064\004\076\004\062\004\060\004\102\004\065\004\073\004\114\004\101\004\072\004\060\004\117\000\040\004\077\004\100\004\076\004\061\004\073\004\065\004\074\004\060}{chapter.1}% 3
\BOOKMARK [1][-]{section.1.2}{\376\377\004\055\004\062\004\076\004\073\004\116\004\106\004\070\004\117\000\040\004\077\004\076\004\064\004\105\004\076\004\064\004\076\004\062\000\040\004\072\000\040\004\063\004\065\004\075\004\065\004\100\004\060\004\106\004\070\004\070\000\040\004\116\004\074\004\076\004\100\004\060}{chapter.1}% 4
\BOOKMARK [1][-]{section.1.3}{\376\377\004\037\004\100\004\076\004\061\004\073\004\065\004\074\004\113\000\040\004\076\004\106\004\065\004\075\004\072\004\070\000\040\004\116\004\074\004\076\004\100\004\060}{chapter.1}% 5
\BOOKMARK [1][-]{section.1.4}{\376\377\004\037\004\065\004\100\004\101\004\077\004\065\004\072\004\102\004\070\004\062\004\060\000\040\004\100\004\060\004\101\004\101\004\103\004\066\004\064\004\065\004\075\004\070\004\117\000\040\004\064\004\073\004\117\000\040\004\063\004\065\004\075\004\065\004\100\004\060\004\106\004\070\004\070\000\040\004\116\004\074\004\076\004\100\004\060}{chapter.1}% 6
\BOOKMARK [1][-]{section.1.5}{\376\377\004\041\004\102\004\060\004\075\004\064\004\060\004\100\004\102\004\075\004\076\004\065\000\040\004\077\004\076\004\101\004\102\004\076\004\061\004\103\004\107\004\065\004\075\004\070\004\065\000\040\004\077\004\073\004\076\004\105\004\076\000\040\004\077\004\076\004\064\004\105\004\076\004\064\004\070\004\102\000\040\004\116\004\074\004\076\004\100\004\103}{chapter.1}% 7
\BOOKMARK [1][-]{section.1.6}{\376\377\004\037\004\076\004\101\004\102\004\076\004\061\004\103\004\107\004\065\004\075\004\070\004\065\000,\000\040\004\076\004\100\004\070\004\065\004\075\004\102\004\070\004\100\004\076\004\062\004\060\004\075\004\075\004\076\004\065\000\040\004\075\004\060\000\040\004\100\004\060\004\101\004\101\004\103\004\066\004\064\004\065\004\075\004\070\004\065}{chapter.1}% 8
\BOOKMARK [1][-]{section.1.7}{\376\377\004\030\004\101\004\101\004\073\004\065\004\064\004\076\004\062\004\060\004\102\004\065\004\073\004\114\004\101\004\072\004\070\004\071\000\040\004\077\004\100\004\076\004\061\004\065\004\073}{chapter.1}% 9
\BOOKMARK [0][-]{chapter.2}{\376\377\004\034\004\065\004\102\004\076\004\064\004\076\004\073\004\076\004\063\004\070\004\117}{}% 10
\BOOKMARK [1][-]{section.2.1}{\376\377\004\023\004\100\004\060\004\075\004\070\004\106\004\113\000\040\004\070\004\101\004\101\004\073\004\065\004\064\004\076\004\062\004\060\004\075\004\070\004\117\000\040\004\070\000\040\004\101\004\102\004\060\004\102\004\103\004\101\000\040\004\100\004\065\004\060\004\073\004\070\004\067\004\060\004\106\004\070\004\070}{chapter.2}% 11
\BOOKMARK [1][-]{section.2.2}{\376\377\004\037\004\076\004\101\004\102\004\100\004\076\004\065\004\075\004\070\004\065\000\040\004\075\004\060\004\061\004\076\004\100\004\060\000\040\004\064\004\060\004\075\004\075\004\113\004\105}{chapter.2}% 12
\BOOKMARK [1][-]{section.2.3}{\376\377\004\037\004\073\004\076\004\102\004\075\004\113\004\071\000\040\004\070\004\075\004\064\004\065\004\072\004\101\000\040\004\062\004\065\004\072\004\102\004\076\004\100\004\075\004\113\004\105\000\040\004\077\004\100\004\065\004\064\004\101\004\102\004\060\004\062\004\073\004\065\004\075\004\070\004\071}{chapter.2}% 13
\BOOKMARK [1][-]{section.2.4}{\376\377\004\030\004\067\004\062\004\073\004\065\004\107\004\065\004\075\004\070\004\065\000\040\004\072\004\073\004\116\004\107\004\065\004\062\004\113\004\105\000\040\004\101\004\073\004\076\004\062\000\040\004\072\004\060\004\072\000\040\004\077\004\076\004\070\004\101\004\072\000\040\004\101\004\073\004\060\004\061\004\113\004\105\000\040\004\067\004\060\004\077\004\100\004\076\004\101\004\076\004\062}{chapter.2}% 14
\BOOKMARK [1][-]{section.2.5}{\376\377\004\037\004\076\004\101\004\102\004\100\004\076\004\065\004\075\004\070\004\065\000\040\004\115\004\102\004\060\004\073\004\076\004\075\004\075\004\113\004\105\000\040\004\076\004\102\004\062\004\065\004\102\004\076\004\062\000\040\004\107\004\065\004\100\004\065\004\067\000\040\004\063\004\100\004\103\004\077\004\077\004\070\004\100\004\076\004\062\004\072\004\103\000\040\004\072\004\073\004\116\004\107\004\065\004\062\004\113\004\105\000\040\004\101\004\073\004\076\004\062\000\040\004\070\000\040\004\077\004\076\004\070\004\101\004\072}{chapter.2}% 15
\BOOKMARK [2][-]{subsection.2.5.1}{\376\377\004\023\004\100\004\103\004\077\004\077\004\070\004\100\004\076\004\062\004\072\004\060\000\040\004\072\004\073\004\116\004\107\004\065\004\062\004\113\004\105\000\040\004\101\004\073\004\076\004\062\000\040\004\070\000\040\004\104\004\076\004\100\004\074\004\070\004\100\004\076\004\062\004\060\004\075\004\070\004\065\000\040\004\067\004\060\004\077\004\100\004\076\004\101\004\076\004\062}{section.2.5}% 16
\BOOKMARK [2][-]{subsection.2.5.2}{\376\377\004\037\004\076\004\070\004\101\004\072\000\040\004\115\004\102\004\060\004\073\004\076\004\075\004\075\004\113\004\105\000\040\004\076\004\102\004\062\004\065\004\102\004\076\004\062\000\040\004\101\000\040\004\077\004\076\004\074\004\076\004\111\004\114\004\116\000\040\004\070\004\075\004\064\004\065\004\072\004\101\004\060\000\040\004\062\004\065\004\072\004\102\004\076\004\100\004\075\004\113\004\105\000\040\004\077\004\100\004\065\004\064\004\101\004\102\004\060\004\062\004\073\004\065\004\075\004\070\004\071}{section.2.5}% 17
\BOOKMARK [2][-]{subsection.2.5.3}{\376\377\004\043\004\064\004\060\004\073\004\065\004\075\004\070\004\065\000\040\004\064\004\103\004\061\004\073\004\065\004\071\000\040\004\070\000\040\004\100\004\060\004\067\004\061\004\070\004\065\004\075\004\070\004\065\000\040\004\062\004\113\004\061\004\076\004\100\004\072\004\070}{section.2.5}% 18
\BOOKMARK [1][-]{section.2.6}{\376\377\004\023\004\065\004\075\004\065\004\100\004\060\004\106\004\070\004\117\000\040\004\072\004\060\004\075\004\064\004\070\004\064\004\060\004\102\004\076\004\062}{chapter.2}% 19
\BOOKMARK [1][-]{section.2.7}{\376\377\004\036\004\106\004\065\004\075\004\072\004\060\000\040\004\072\004\060\004\075\004\064\004\070\004\064\004\060\004\102\004\076\004\062}{chapter.2}% 20
\BOOKMARK [2][-]{subsection.2.7.1}{\376\377\004\037\004\076\004\077\004\060\004\100\004\075\004\076\004\065\000\040\004\101\004\100\004\060\004\062\004\075\004\065\004\075\004\070\004\065}{section.2.7}% 21
\BOOKMARK [2][-]{subsection.2.7.2}{\376\377\004\020\004\063\004\100\004\065\004\063\004\060\004\106\004\070\004\117\000\040\004\102\004\060\004\061\004\073\004\070\004\106\004\113\000\040\004\100\004\065\004\067\004\103\004\073\004\114\004\102\004\060\004\102\004\076\004\062}{section.2.7}% 22
\BOOKMARK [1][-]{section.2.8}{\376\377\004\042\004\065\004\076\004\100\004\065\004\102\004\070\004\107\004\065\004\101\004\072\004\060\004\117\000\040\004\100\004\060\004\074\004\072\004\060\000\040\004\076\004\061\004\103\004\107\004\065\004\075\004\070\004\117\000\040\000M\000R\000V\000F}{chapter.2}% 23
\BOOKMARK [2][-]{subsection.2.8.1}{\376\377\004\036\004\061\004\076\004\067\004\075\004\060\004\107\004\065\004\075\004\070\004\117}{section.2.8}% 24
\BOOKMARK [2][-]{subsection.2.8.2}{\376\377\000R\000L\000\040\004\101\000\040\004\062\004\065\004\100\004\070\004\104\004\070\004\106\004\070\004\100\004\103\004\065\004\074\004\113\004\074\004\070\000\040\004\075\004\060\004\063\004\100\004\060\004\064\004\060\004\074\004\070}{section.2.8}% 25
\BOOKMARK [2][-]{subsection.2.8.3}{\376\377\000V\000e\000r\000i\000F\000r\000e\000e}{section.2.8}% 26
\BOOKMARK [2][-]{subsection.2.8.4}{\376\377\004\041\000\040\004\075\004\065\004\101\004\072\004\076\004\073\004\114\004\072\004\070\004\074\004\070\000\040\004\115\004\102\004\060\004\073\004\076\004\075\004\075\004\113\004\074\004\070\000\040\004\076\004\102\004\062\004\065\004\102\004\060\004\074\004\070\000\040\000V\000e\000r\000i\000F\000r\000e\000e}{section.2.8}% 27
\BOOKMARK [2][-]{subsection.2.8.5}{\376\377\004\035\004\065\004\077\004\076\004\073\004\075\004\113\004\065\000\040\004\075\004\060\004\061\004\073\004\116\004\064\004\060\004\065\004\074\004\113\004\065\000\040\004\115\004\102\004\060\004\073\004\076\004\075\004\075\004\113\004\065\000\040\004\076\004\102\004\062\004\065\004\102\004\113}{section.2.8}% 28
\BOOKMARK [2][-]{subsection.2.8.6}{\376\377\004\037\004\100\004\065\004\064\004\073\004\060\004\063\004\060\004\065\004\074\004\113\004\071\000\040\004\106\004\070\004\072\004\073\000\040\004\076\004\061\004\103\004\107\004\065\004\075\004\070\004\117}{section.2.8}% 29
\BOOKMARK [2][-]{subsection.2.8.7}{\376\377\004\027\004\060\004\074\004\065\004\107\004\060\004\075\004\070\004\065\000\040\004\076\000\040\004\070\004\101\004\077\004\076\004\073\004\114\004\067\004\076\004\062\004\060\004\075\004\070\004\065\000\040\004\061\004\060\004\067\004\076\004\062\004\076\004\063\004\076\000\040\004\103\004\100\004\076\004\062\004\075\004\117}{section.2.8}% 30
\BOOKMARK [0][-]{chapter.3}{\376\377\004\040\004\065\004\067\004\103\004\073\004\114\004\102\004\060\004\102\004\113}{}% 31
\BOOKMARK [1][-]{section.3.1}{\376\377\004\042\004\065\004\072\004\103\004\111\004\070\004\065\000\040\004\100\004\065\004\067\004\103\004\073\004\114\004\102\004\060\004\102\004\113}{chapter.3}% 32
\BOOKMARK [1][-]{section.3.2}{\376\377\004\037\004\073\004\060\004\075\004\070\004\100\004\103\004\065\004\074\004\060\004\117\000\040\004\077\004\100\004\076\004\106\004\065\004\064\004\103\004\100\004\060\000\040\004\076\004\061\004\103\004\107\004\065\004\075\004\070\004\117}{chapter.3}% 33
\BOOKMARK [1][-]{section.3.3}{\376\377\004\037\004\073\004\060\004\075\004\070\004\100\004\103\004\065\004\074\004\113\004\065\000\040\004\060\004\061\004\073\004\117\004\106\004\070\004\070}{chapter.3}% 34
\BOOKMARK [0][-]{chapter*.3}{\376\377\004\041\004\077\004\070\004\101\004\076\004\072\000\040\004\073\004\070\004\102\004\065\004\100\004\060\004\102\004\103\004\100\004\113}{}% 35
